H:\TR-ROBOT-FOOTBALL\ROBOT FOOTBALL\ROBOTFOOTBALL\DEBUG\PHYSICSSTRATEGY.DLL
H:\tr-robot-football\Robot Football\RobotFootball\Debug\PhysicsStrategy.exp
H:\TR-ROBOT-FOOTBALL\ROBOT FOOTBALL\ROBOTFOOTBALL\DEBUG\PHYSICSSTRATEGY.ILK
H:\tr-robot-football\Robot Football\RobotFootball\Debug\PhysicsStrategy.lib
H:\TR-ROBOT-FOOTBALL\ROBOT FOOTBALL\ROBOTFOOTBALL\DEBUG\PHYSICSSTRATEGY.PDB
H:\tr-robot-football\Robot Football\RobotFootball\PhysicsStrategy\Debug\cl.command.1.tlog
H:\tr-robot-football\Robot Football\RobotFootball\PhysicsStrategy\Debug\CL.read.1.tlog
H:\tr-robot-football\Robot Football\RobotFootball\PhysicsStrategy\Debug\CL.write.1.tlog
H:\TR-ROBOT-FOOTBALL\ROBOT FOOTBALL\ROBOTFOOTBALL\PHYSICSSTRATEGY\DEBUG\DLLMAIN.OBJ
H:\tr-robot-football\Robot Football\RobotFootball\PhysicsStrategy\Debug\link.4204.read.1.tlog
H:\tr-robot-football\Robot Football\RobotFootball\PhysicsStrategy\Debug\link.4204.write.1.tlog
H:\tr-robot-football\Robot Football\RobotFootball\PhysicsStrategy\Debug\link.4204-cvtres.read.1.tlog
H:\tr-robot-football\Robot Football\RobotFootball\PhysicsStrategy\Debug\link.4204-cvtres.write.1.tlog
H:\tr-robot-football\Robot Football\RobotFootball\PhysicsStrategy\Debug\link.command.1.tlog
H:\tr-robot-football\Robot Football\RobotFootball\PhysicsStrategy\Debug\link.read.1.tlog
H:\tr-robot-football\Robot Football\RobotFootball\PhysicsStrategy\Debug\link.write.1.tlog
H:\tr-robot-football\Robot Football\RobotFootball\PhysicsStrategy\Debug\link-cvtres.read.1.tlog
H:\tr-robot-football\Robot Football\RobotFootball\PhysicsStrategy\Debug\link-cvtres.write.1.tlog
H:\tr-robot-football\Robot Football\RobotFootball\PhysicsStrategy\Debug\mt.command.1.tlog
H:\tr-robot-football\Robot Football\RobotFootball\PhysicsStrategy\Debug\mt.read.1.tlog
H:\tr-robot-football\Robot Football\RobotFootball\PhysicsStrategy\Debug\mt.write.1.tlog
H:\TR-ROBOT-FOOTBALL\ROBOT FOOTBALL\ROBOTFOOTBALL\PHYSICSSTRATEGY\DEBUG\PHYSICSSTRATEGY.DLL.EMBED.MANIFEST
H:\TR-ROBOT-FOOTBALL\ROBOT FOOTBALL\ROBOTFOOTBALL\PHYSICSSTRATEGY\DEBUG\PHYSICSSTRATEGY.DLL.EMBED.MANIFEST.RES
H:\TR-ROBOT-FOOTBALL\ROBOT FOOTBALL\ROBOTFOOTBALL\PHYSICSSTRATEGY\DEBUG\PHYSICSSTRATEGY.DLL.INTERMEDIATE.MANIFEST
H:\TR-ROBOT-FOOTBALL\ROBOT FOOTBALL\ROBOTFOOTBALL\PHYSICSSTRATEGY\DEBUG\PHYSICSSTRATEGY.OBJ
H:\TR-ROBOT-FOOTBALL\ROBOT FOOTBALL\ROBOTFOOTBALL\PHYSICSSTRATEGY\DEBUG\PHYSICSSTRATEGY.PCH
H:\tr-robot-football\Robot Football\RobotFootball\PhysicsStrategy\Debug\PhysicsStrategy.write.1.tlog
H:\tr-robot-football\Robot Football\RobotFootball\PhysicsStrategy\Debug\PhysicsStrategy_manifest.rc
H:\tr-robot-football\Robot Football\RobotFootball\PhysicsStrategy\Debug\rc.command.1.tlog
H:\tr-robot-football\Robot Football\RobotFootball\PhysicsStrategy\Debug\rc.read.1.tlog
H:\tr-robot-football\Robot Football\RobotFootball\PhysicsStrategy\Debug\rc.write.1.tlog
H:\TR-ROBOT-FOOTBALL\ROBOT FOOTBALL\ROBOTFOOTBALL\PHYSICSSTRATEGY\DEBUG\STDAFX.OBJ
H:\tr-robot-football\Robot Football\RobotFootball\PhysicsStrategy\Debug\vc100.idb
H:\TR-ROBOT-FOOTBALL\ROBOT FOOTBALL\ROBOTFOOTBALL\PHYSICSSTRATEGY\DEBUG\VC100.PDB
