Build started 24/02/2012 14:56:32.
     1>Project "H:\tr-robot-football\Robot Football\RobotFootball\PhysicsStrategy\PhysicsStrategy.vcxproj" on node 2 (build target(s)).
     1>InitializeBuildStatus:
         Creating "Debug\PhysicsStrategy.unsuccessfulbuild" because "AlwaysCreate" was specified.
       ClCompile:
         All outputs are up-to-date.
         All outputs are up-to-date.
         c:\Program Files\Microsoft Visual Studio 10.0\VC\bin\CL.exe /c /ZI /nologo /W3 /WX- /Od /Oy- /D STRATEGY_EXPORTS /D WIN32 /D _DEBUG /D _WINDOWS /D _USRDLL /D PHYSICSSTRATEGY_EXPORTS /D _WINDLL /D _UNICODE /D UNICODE /Gm /EHsc /RTC1 /MDd /GS /fp:precise /Zc:wchar_t /Zc:forScope /Yu"StdAfx.h" /Fp"Debug\PhysicsStrategy.pch" /Fo"Debug\\" /Fd"Debug\vc100.pdb" /Gd /TP /analyze- /errorReport:prompt PhysicsStrategy.cpp
         PhysicsStrategy.cpp
     1>h:\tr-robot-football\robot football\robotfootball\physicsstrategy\physicsstrategy.cpp(15): warning C4996: 'localtime': This function or variable may be unsafe. Consider using localtime_s instead. To disable deprecation, use _CRT_SECURE_NO_WARNINGS. See online help for details.
                 c:\program files\microsoft visual studio 10.0\vc\include\time.inl(112) : see declaration of 'localtime'
     1>h:\tr-robot-football\robot football\robotfootball\physicsstrategy\physicsstrategy.cpp(16): warning C4996: 'asctime': This function or variable may be unsafe. Consider using asctime_s instead. To disable deprecation, use _CRT_SECURE_NO_WARNINGS. See online help for details.
                 c:\program files\microsoft visual studio 10.0\vc\include\time.h(153) : see declaration of 'asctime'
       ManifestResourceCompile:
         All outputs are up-to-date.
       Link:
         c:\Program Files\Microsoft Visual Studio 10.0\VC\bin\link.exe /ERRORREPORT:PROMPT /OUT:"H:\tr-robot-football\Robot Football\RobotFootball\Debug\PhysicsStrategy.dll" /INCREMENTAL /NOLOGO kernel32.lib user32.lib gdi32.lib winspool.lib comdlg32.lib advapi32.lib shell32.lib ole32.lib oleaut32.lib uuid.lib odbc32.lib odbccp32.lib /MANIFEST /ManifestFile:"Debug\PhysicsStrategy.dll.intermediate.manifest" /MANIFESTUAC:"level='asInvoker' uiAccess='false'" /DEBUG /PDB:"H:\tr-robot-football\Robot Football\RobotFootball\Debug\PhysicsStrategy.pdb" /SUBSYSTEM:WINDOWS /TLBID:1 /DYNAMICBASE /NXCOMPAT /IMPLIB:"H:\tr-robot-football\Robot Football\RobotFootball\Debug\PhysicsStrategy.lib" /MACHINE:X86 /DLL Debug\PhysicsStrategy.dll.embed.manifest.res
         Debug\dllmain.obj
         Debug\PhysicsStrategy.obj
         Debug\stdafx.obj
            Creating library H:\tr-robot-football\Robot Football\RobotFootball\Debug\PhysicsStrategy.lib and object H:\tr-robot-football\Robot Football\RobotFootball\Debug\PhysicsStrategy.exp
       Manifest:
         c:\Program Files\Microsoft SDKs\Windows\v7.0A\bin\mt.exe /nologo /verbose /out:"Debug\PhysicsStrategy.dll.embed.manifest" /manifest Debug\PhysicsStrategy.dll.intermediate.manifest
         All outputs are up-to-date.
       LinkEmbedManifest:
         All outputs are up-to-date.
         PhysicsStrategy.vcxproj -> H:\tr-robot-football\Robot Football\RobotFootball\Debug\PhysicsStrategy.dll
       PostBuildEvent:
         "H:\tr-robot-football\Robot Football\RobotFootball\DeployStrategy"
         :VCEnd
         ..\Debug\PhysicsStrategy.ilk
         ..\Debug\PhysicsStrategy.dll
         ..\Debug\PhysicsStrategy.lib
         ..\Debug\PhysicsStrategy.exp
         ..\Debug\PhysicsStrategy.pdb
         ..\Debug\HoldStillStrategy.ilk
         ..\Debug\HoldStillStrategy.dll
         ..\Debug\HoldStillStrategy.lib
         ..\Debug\HoldStillStrategy.exp
         ..\Debug\HoldStillStrategy.pdb
                10 file(s) copied.
         ..\Debug\PhysicsStrategy.ilk
         ..\Debug\PhysicsStrategy.dll
         ..\Debug\PhysicsStrategy.lib
         ..\Debug\PhysicsStrategy.exp
         ..\Debug\PhysicsStrategy.pdb
         ..\Debug\HoldStillStrategy.ilk
         ..\Debug\HoldStillStrategy.dll
         ..\Debug\HoldStillStrategy.lib
         ..\Debug\HoldStillStrategy.exp
         ..\Debug\HoldStillStrategy.pdb
                10 file(s) copied.
       FinalizeBuildStatus:
         Deleting file "Debug\PhysicsStrategy.unsuccessfulbuild".
         Touching "Debug\PhysicsStrategy.lastbuildstate".
     1>Done Building Project "H:\tr-robot-football\Robot Football\RobotFootball\PhysicsStrategy\PhysicsStrategy.vcxproj" (build target(s)).

Build succeeded.

Time Elapsed 00:00:09.34
