Build started 08/02/2012 16:59:36.
     1>Project "\\myfiles\ar302\tr-robot-football\Robot Football\RobotFootball\NativeRouteFinders\NativeRouteFinders.vcxproj" on node 2 (build target(s)).
     1>InitializeBuildStatus:
         Touching "Debug\NativeRouteFinders.unsuccessfulbuild".
       ClCompile:
         All outputs are up-to-date.
         c:\Program Files\Microsoft Visual Studio 10.0\VC\bin\CL.exe /c /ZI /nologo /W3 /WX- /Od /Oy- /D WIN32 /D _DEBUG /D _WINDOWS /D _USRDLL /D NATIVEROUTEFINDERS_EXPORTS /D _WINDLL /D _UNICODE /D UNICODE /Gm /EHsc /RTC1 /MDd /GS /fp:precise /Zc:wchar_t /Zc:forScope /Yu"StdAfx.h" /Fp"Debug\NativeRouteFinders.pch" /Fo"Debug\\" /Fd"Debug\vc100.pdb" /Gd /TP /analyze- /errorReport:prompt AStarRouteFinder.cpp PointUtilities.cpp
         PointUtilities.cpp
         Generating Code...
         Compiling...
         AStarRouteFinder.cpp
         Generating Code...
         All outputs are up-to-date.
       ManifestResourceCompile:
         All outputs are up-to-date.
       Link:
         c:\Program Files\Microsoft Visual Studio 10.0\VC\bin\link.exe /ERRORREPORT:PROMPT /OUT:"\\myfiles\ar302\tr-robot-football\Robot Football\RobotFootball\Debug\NativeRouteFinders.dll" /INCREMENTAL /NOLOGO kernel32.lib user32.lib gdi32.lib winspool.lib comdlg32.lib advapi32.lib shell32.lib ole32.lib oleaut32.lib uuid.lib odbc32.lib odbccp32.lib /MANIFEST /ManifestFile:"Debug\NativeRouteFinders.dll.intermediate.manifest" /MANIFESTUAC:"level='asInvoker' uiAccess='false'" /DEBUG /PDB:"\\myfiles\ar302\tr-robot-football\Robot Football\RobotFootball\Debug\NativeRouteFinders.pdb" /SUBSYSTEM:WINDOWS /TLBID:1 /DYNAMICBASE /NXCOMPAT /IMPLIB:"\\myfiles\ar302\tr-robot-football\Robot Football\RobotFootball\Debug\NativeRouteFinders.lib" /MACHINE:X86 /DLL Debug\NativeRouteFinders.dll.embed.manifest.res
         Debug\AStarRouteFinder.obj
         Debug\dllmain.obj
         Debug\PointUtilities.obj
         Debug\stdafx.obj
            Creating library \\myfiles\ar302\tr-robot-football\Robot Football\RobotFootball\Debug\NativeRouteFinders.lib and object \\myfiles\ar302\tr-robot-football\Robot Football\RobotFootball\Debug\NativeRouteFinders.exp
       Manifest:
         c:\Program Files\Microsoft SDKs\Windows\v7.0A\bin\mt.exe /nologo /verbose /out:"Debug\NativeRouteFinders.dll.embed.manifest" /manifest Debug\NativeRouteFinders.dll.intermediate.manifest
         All outputs are up-to-date.
       LinkEmbedManifest:
         All outputs are up-to-date.
         NativeRouteFinders.vcxproj -> \\myfiles\ar302\tr-robot-football\Robot Football\RobotFootball\Debug\NativeRouteFinders.dll
       FinalizeBuildStatus:
         Deleting file "Debug\NativeRouteFinders.unsuccessfulbuild".
         Touching "Debug\NativeRouteFinders.lastbuildstate".
     1>Done Building Project "\\myfiles\ar302\tr-robot-football\Robot Football\RobotFootball\NativeRouteFinders\NativeRouteFinders.vcxproj" (build target(s)).

Build succeeded.

Time Elapsed 00:00:09.59
