Build started 24/02/2012 15:08:45.
     1>Project "H:\tr-robot-football\Robot Football\RobotFootball\HoldStillStrategy\HoldStillStrategy.vcxproj" on node 3 (build target(s)).
     1>InitializeBuildStatus:
         Creating "Release\HoldStillStrategy.unsuccessfulbuild" because "AlwaysCreate" was specified.
       ClCompile:
         c:\Program Files\Microsoft Visual Studio 10.0\VC\bin\CL.exe /c /Zi /nologo /W3 /WX- /O2 /Oi /Oy- /GL /D WIN32 /D NDEBUG /D _WINDOWS /D _USRDLL /D HOLDSTILLSTRATEGY_EXPORTS /D STRATEGY_EXPORTS /D _WINDLL /D _UNICODE /D UNICODE /Gm- /EHsc /MD /GS /Gy /fp:precise /Zc:wchar_t /Zc:forScope /Yc"StdAfx.h" /Fp"Release\HoldStillStrategy.pch" /Fo"Release\\" /Fd"Release\vc100.pdb" /Gd /TP /analyze- /errorReport:prompt stdafx.cpp
         stdafx.cpp
         c:\Program Files\Microsoft Visual Studio 10.0\VC\bin\CL.exe /c /Zi /nologo /W3 /WX- /O2 /Oi /Oy- /GL /D WIN32 /D NDEBUG /D _WINDOWS /D _USRDLL /D HOLDSTILLSTRATEGY_EXPORTS /D STRATEGY_EXPORTS /D _WINDLL /D _UNICODE /D UNICODE /Gm- /EHsc /MD /GS /Gy /fp:precise /Zc:wchar_t /Zc:forScope /Fo"Release\\" /Fd"Release\vc100.pdb" /Gd /TP /analyze- /errorReport:prompt dllmain.cpp
         dllmain.cpp
         c:\Program Files\Microsoft Visual Studio 10.0\VC\bin\CL.exe /c /Zi /nologo /W3 /WX- /O2 /Oi /Oy- /GL /D WIN32 /D NDEBUG /D _WINDOWS /D _USRDLL /D HOLDSTILLSTRATEGY_EXPORTS /D STRATEGY_EXPORTS /D _WINDLL /D _UNICODE /D UNICODE /Gm- /EHsc /MD /GS /Gy /fp:precise /Zc:wchar_t /Zc:forScope /Yu"StdAfx.h" /Fp"Release\HoldStillStrategy.pch" /Fo"Release\\" /Fd"Release\vc100.pdb" /Gd /TP /analyze- /errorReport:prompt HoldStillStrategy.cpp
         HoldStillStrategy.cpp
       Link:
         c:\Program Files\Microsoft Visual Studio 10.0\VC\bin\link.exe /ERRORREPORT:PROMPT /OUT:"H:\tr-robot-football\Robot Football\RobotFootball\Release\HoldStillStrategy.dll" /INCREMENTAL:NO /NOLOGO kernel32.lib user32.lib gdi32.lib winspool.lib comdlg32.lib advapi32.lib shell32.lib ole32.lib oleaut32.lib uuid.lib odbc32.lib odbccp32.lib /MANIFEST /ManifestFile:"Release\HoldStillStrategy.dll.intermediate.manifest" /MANIFESTUAC:"level='asInvoker' uiAccess='false'" /DEBUG /PDB:"H:\tr-robot-football\Robot Football\RobotFootball\Release\HoldStillStrategy.pdb" /SUBSYSTEM:WINDOWS /OPT:REF /OPT:ICF /LTCG /TLBID:1 /DYNAMICBASE /NXCOMPAT /IMPLIB:"H:\tr-robot-football\Robot Football\RobotFootball\Release\HoldStillStrategy.lib" /MACHINE:X86 /DLL Release\dllmain.obj
         Release\HoldStillStrategy.obj
         Release\stdafx.obj
            Creating library H:\tr-robot-football\Robot Football\RobotFootball\Release\HoldStillStrategy.lib and object H:\tr-robot-football\Robot Football\RobotFootball\Release\HoldStillStrategy.exp
         Generating code
         Finished generating code
         HoldStillStrategy.vcxproj -> H:\tr-robot-football\Robot Football\RobotFootball\Release\HoldStillStrategy.dll
       Manifest:
         c:\Program Files\Microsoft SDKs\Windows\v7.0A\bin\mt.exe /nologo /verbose /outputresource:"H:\tr-robot-football\Robot Football\RobotFootball\Release\HoldStillStrategy.dll;#2" /manifest Release\HoldStillStrategy.dll.intermediate.manifest
       FinalizeBuildStatus:
         Deleting file "Release\HoldStillStrategy.unsuccessfulbuild".
         Touching "Release\HoldStillStrategy.lastbuildstate".
     1>Done Building Project "H:\tr-robot-football\Robot Football\RobotFootball\HoldStillStrategy\HoldStillStrategy.vcxproj" (build target(s)).

Build succeeded.

Time Elapsed 00:00:06.19
