Build started 15/02/2012 12:47:50.
     1>Project "H:\tr-robot-football\Simulator\Basic\Strategy\Strategy.vcxproj" on node 2 (build target(s)).
     1>InitializeBuildStatus:
         Creating ".\Debug\Strategy.unsuccessfulbuild" because "AlwaysCreate" was specified.
       ClCompile:
         Deleting file ".\Debug\Strategy.pch".
         c:\Program Files\Microsoft Visual Studio 10.0\VC\bin\CL.exe /c /I.\ /I..\Include /ZI /nologo /W3 /WX- /Od /Oy- /D WIN32 /D _DEBUG /D _WINDOWS /D _USRDLL /D STRATEGY_EXPORTS /D _VC80_UPGRADE=0x0710 /D _WINDLL /D _MBCS /Gm /EHsc /RTC1 /MTd /GS /fp:precise /Zc:wchar_t /Zc:forScope /Yc"StdAfx.h" /Fp".\Debug\Strategy.pch" /Fo".\Debug/" /Fd".\Debug/vc100.pdb" /Gd /TP /analyze- /errorReport:prompt stdafx.cpp
         stdafx.cpp
         c:\Program Files\Microsoft Visual Studio 10.0\VC\bin\CL.exe /c /I.\ /I..\Include /ZI /nologo /W3 /WX- /Od /Oy- /D WIN32 /D _DEBUG /D _WINDOWS /D _USRDLL /D STRATEGY_EXPORTS /D _VC80_UPGRADE=0x0710 /D _WINDLL /D _MBCS /Gm /EHsc /RTC1 /MTd /GS /fp:precise /Zc:wchar_t /Zc:forScope /Yu"StdAfx.h" /Fp".\Debug\Strategy.pch" /Fo".\Debug/" /Fd".\Debug/vc100.pdb" /Gd /TP /analyze- /errorReport:prompt Attacker1.cpp Attacker2.cpp Defender1.cpp Defender2.cpp Goalie.cpp Movement.cpp Strategy.cpp StrategyUtils.cpp
         StrategyUtils.cpp
         Strategy.cpp
         Movement.cpp
     1>h:\tr-robot-football\simulator\basic\strategy\movement.cpp(242): warning C4244: '=' : conversion from 'time_t' to 'int', possible loss of data
         Goalie.cpp
         Defender2.cpp
         Defender1.cpp
         Attacker2.cpp
         Attacker1.cpp
         Generating Code...
       ManifestResourceCompile:
         c:\Program Files\Microsoft SDKs\Windows\v7.0A\bin\rc.exe /nologo /fo".\Debug\Strategy.dll.embed.manifest.res" .\Debug\Strategy_manifest.rc 
       Link:
         c:\Program Files\Microsoft Visual Studio 10.0\VC\bin\link.exe /ERRORREPORT:PROMPT /OUT:".\Debug\Strategy.dll" /INCREMENTAL /NOLOGO /LIBPATH:..\Lib\Debug geometry.lib kernel32.lib user32.lib gdi32.lib winspool.lib comdlg32.lib advapi32.lib shell32.lib ole32.lib oleaut32.lib uuid.lib odbc32.lib odbccp32.lib /MANIFEST /ManifestFile:".\Debug\Strategy.dll.intermediate.manifest" /MANIFESTUAC:"level='asInvoker' uiAccess='false'" /DEBUG /PDB:".\Debug\Strategy.pdb" /TLBID:1 /DYNAMICBASE /NXCOMPAT /IMPLIB:".\debug/strategy.lib" /MACHINE:X86 /DLL .\Debug\Strategy.dll.embed.manifest.res
         .\Debug/Attacker1.obj
         .\Debug/Attacker2.obj
         .\Debug/Defender1.obj
         .\Debug/Defender2.obj
         .\Debug/Goalie.obj
         .\Debug/Movement.obj
         .\Debug/stdafx.obj
         .\Debug/Strategy.obj
         .\Debug/StrategyUtils.obj
            Creating library .\debug/strategy.lib and object .\debug/strategy.exp
       Manifest:
         c:\Program Files\Microsoft SDKs\Windows\v7.0A\bin\mt.exe /nologo /verbose /out:".\Debug\Strategy.dll.embed.manifest" /manifest .\Debug\Strategy.dll.intermediate.manifest
         c:\Program Files\Microsoft SDKs\Windows\v7.0A\bin\rc.exe /nologo /fo".\Debug\Strategy.dll.embed.manifest.res" .\Debug\Strategy_manifest.rc 
       LinkEmbedManifest:
         c:\Program Files\Microsoft Visual Studio 10.0\VC\bin\link.exe /ERRORREPORT:PROMPT /OUT:".\Debug\Strategy.dll" /INCREMENTAL /NOLOGO /LIBPATH:..\Lib\Debug geometry.lib kernel32.lib user32.lib gdi32.lib winspool.lib comdlg32.lib advapi32.lib shell32.lib ole32.lib oleaut32.lib uuid.lib odbc32.lib odbccp32.lib /MANIFEST /ManifestFile:".\Debug\Strategy.dll.intermediate.manifest" /MANIFESTUAC:"level='asInvoker' uiAccess='false'" /DEBUG /PDB:".\Debug\Strategy.pdb" /TLBID:1 /DYNAMICBASE /NXCOMPAT /IMPLIB:".\debug/strategy.lib" /MACHINE:X86 /DLL .\Debug\Strategy.dll.embed.manifest.res
         .\Debug/Attacker1.obj
         .\Debug/Attacker2.obj
         .\Debug/Defender1.obj
         .\Debug/Defender2.obj
         .\Debug/Goalie.obj
         .\Debug/Movement.obj
         .\Debug/stdafx.obj
         .\Debug/Strategy.obj
         .\Debug/StrategyUtils.obj
         Strategy.vcxproj -> H:\tr-robot-football\Simulator\Basic\Strategy\.\Debug\Strategy.dll
       FinalizeBuildStatus:
         Deleting file ".\Debug\Strategy.unsuccessfulbuild".
         Touching ".\Debug\Strategy.lastbuildstate".
     1>Done Building Project "H:\tr-robot-football\Simulator\Basic\Strategy\Strategy.vcxproj" (build target(s)).

Build succeeded.

Time Elapsed 00:00:16.45
