Build started 15/02/2012 16:50:35.
     1>Project "\\myfiles\ar302\tr-robot-football\Robot Football\RobotFootball\MotionPrediction\MotionPrediction.vcxproj" on node 2 (build target(s)).
     1>InitializeBuildStatus:
         Creating "Debug\MotionPrediction.unsuccessfulbuild" because "AlwaysCreate" was specified.
       ClCompile:
         All outputs are up-to-date.
         All outputs are up-to-date.
         c:\Program Files\Microsoft Visual Studio 10.0\VC\bin\CL.exe /c /ZI /nologo /W3 /WX- /Od /Oy- /D WIN32 /D _DEBUG /D _WINDOWS /D _USRDLL /D MOTIONPREDICTION_EXPORTS /D _WINDLL /D _UNICODE /D UNICODE /Gm /EHsc /RTC1 /MDd /GS /fp:precise /Zc:wchar_t /Zc:forScope /Yu"StdAfx.h" /Fp"Debug\MotionPrediction.pch" /Fo"Debug\\" /Fd"Debug\vc100.pdb" /Gd /TP /analyze- /errorReport:prompt MotionPrediction.cpp
         MotionPrediction.cpp
     1>\\myfiles\ar302\tr-robot-football\robot football\robotfootball\motionprediction\motionprediction.cpp(13): warning C4700: uninitialized local variable 'tmp1' used
     1>\\myfiles\ar302\tr-robot-football\robot football\robotfootball\motionprediction\motionprediction.cpp(14): warning C4700: uninitialized local variable 'row1' used
     1>\\myfiles\ar302\tr-robot-football\robot football\robotfootball\motionprediction\motionprediction.cpp(18): warning C4700: uninitialized local variable 'row3' used
       ManifestResourceCompile:
         All outputs are up-to-date.
       Link:
         c:\Program Files\Microsoft Visual Studio 10.0\VC\bin\link.exe /ERRORREPORT:PROMPT /OUT:"\\myfiles\ar302\tr-robot-football\Robot Football\RobotFootball\Debug\MotionPrediction.dll" /INCREMENTAL /NOLOGO kernel32.lib user32.lib gdi32.lib winspool.lib comdlg32.lib advapi32.lib shell32.lib ole32.lib oleaut32.lib uuid.lib odbc32.lib odbccp32.lib /MANIFEST /ManifestFile:"Debug\MotionPrediction.dll.intermediate.manifest" /MANIFESTUAC:"level='asInvoker' uiAccess='false'" /DEBUG /PDB:"\\myfiles\ar302\tr-robot-football\Robot Football\RobotFootball\Debug\MotionPrediction.pdb" /SUBSYSTEM:WINDOWS /TLBID:1 /DYNAMICBASE /NXCOMPAT /IMPLIB:"\\myfiles\ar302\tr-robot-football\Robot Football\RobotFootball\Debug\MotionPrediction.lib" /MACHINE:X86 /DLL Debug\MotionPrediction.dll.embed.manifest.res
         Debug\dllmain.obj
         Debug\MotionPrediction.obj
         Debug\stdafx.obj
            Creating library \\myfiles\ar302\tr-robot-football\Robot Football\RobotFootball\Debug\MotionPrediction.lib and object \\myfiles\ar302\tr-robot-football\Robot Football\RobotFootball\Debug\MotionPrediction.exp
       Manifest:
         c:\Program Files\Microsoft SDKs\Windows\v7.0A\bin\mt.exe /nologo /verbose /out:"Debug\MotionPrediction.dll.embed.manifest" /manifest Debug\MotionPrediction.dll.intermediate.manifest
         All outputs are up-to-date.
       LinkEmbedManifest:
         All outputs are up-to-date.
         MotionPrediction.vcxproj -> \\myfiles\ar302\tr-robot-football\Robot Football\RobotFootball\Debug\MotionPrediction.dll
       FinalizeBuildStatus:
         Deleting file "Debug\MotionPrediction.unsuccessfulbuild".
         Touching "Debug\MotionPrediction.lastbuildstate".
     1>Done Building Project "\\myfiles\ar302\tr-robot-football\Robot Football\RobotFootball\MotionPrediction\MotionPrediction.vcxproj" (build target(s)).

Build succeeded.

Time Elapsed 00:00:04.65
