Build started 24/02/2012 15:08:45.
     1>Project "H:\tr-robot-football\Robot Football\RobotFootball\MotionPrediction\MotionPrediction.vcxproj" on node 2 (build target(s)).
     1>PrepareForBuild:
         Creating directory "H:\tr-robot-football\Robot Football\RobotFootball\Release\".
       InitializeBuildStatus:
         Creating "Release\MotionPrediction.unsuccessfulbuild" because "AlwaysCreate" was specified.
       ClCompile:
         c:\Program Files\Microsoft Visual Studio 10.0\VC\bin\CL.exe /c /Zi /nologo /W3 /WX- /O2 /Oi /Oy- /GL /D WIN32 /D NDEBUG /D _WINDOWS /D _USRDLL /D MOTIONPREDICTION_EXPORTS /D _WINDLL /D _UNICODE /D UNICODE /Gm- /EHsc /MD /GS /Gy /fp:precise /Zc:wchar_t /Zc:forScope /Yc"StdAfx.h" /Fp"Release\MotionPrediction.pch" /Fo"Release\\" /Fd"Release\vc100.pdb" /Gd /TP /analyze- /errorReport:prompt stdafx.cpp
         stdafx.cpp
         c:\Program Files\Microsoft Visual Studio 10.0\VC\bin\CL.exe /c /Zi /nologo /W3 /WX- /O2 /Oi /Oy- /GL /D WIN32 /D NDEBUG /D _WINDOWS /D _USRDLL /D MOTIONPREDICTION_EXPORTS /D _WINDLL /D _UNICODE /D UNICODE /Gm- /EHsc /MD /GS /Gy /fp:precise /Zc:wchar_t /Zc:forScope /Fo"Release\\" /Fd"Release\vc100.pdb" /Gd /TP /analyze- /errorReport:prompt dllmain.cpp
         dllmain.cpp
         c:\Program Files\Microsoft Visual Studio 10.0\VC\bin\CL.exe /c /Zi /nologo /W3 /WX- /O2 /Oi /Oy- /GL /D WIN32 /D NDEBUG /D _WINDOWS /D _USRDLL /D MOTIONPREDICTION_EXPORTS /D _WINDLL /D _UNICODE /D UNICODE /Gm- /EHsc /MD /GS /Gy /fp:precise /Zc:wchar_t /Zc:forScope /Yu"StdAfx.h" /Fp"Release\MotionPrediction.pch" /Fo"Release\\" /Fd"Release\vc100.pdb" /Gd /TP /analyze- /errorReport:prompt MotionPrediction.cpp
         MotionPrediction.cpp
       Link:
         c:\Program Files\Microsoft Visual Studio 10.0\VC\bin\link.exe /ERRORREPORT:PROMPT /OUT:"H:\tr-robot-football\Robot Football\RobotFootball\Release\MotionPrediction.dll" /INCREMENTAL:NO /NOLOGO kernel32.lib user32.lib gdi32.lib winspool.lib comdlg32.lib advapi32.lib shell32.lib ole32.lib oleaut32.lib uuid.lib odbc32.lib odbccp32.lib /MANIFEST /ManifestFile:"Release\MotionPrediction.dll.intermediate.manifest" /MANIFESTUAC:"level='asInvoker' uiAccess='false'" /DEBUG /PDB:"H:\tr-robot-football\Robot Football\RobotFootball\Release\MotionPrediction.pdb" /SUBSYSTEM:WINDOWS /OPT:REF /OPT:ICF /LTCG /TLBID:1 /DYNAMICBASE /NXCOMPAT /IMPLIB:"H:\tr-robot-football\Robot Football\RobotFootball\Release\MotionPrediction.lib" /MACHINE:X86 /DLL Release\dllmain.obj
         Release\MotionPrediction.obj
         Release\stdafx.obj
            Creating library H:\tr-robot-football\Robot Football\RobotFootball\Release\MotionPrediction.lib and object H:\tr-robot-football\Robot Football\RobotFootball\Release\MotionPrediction.exp
         Generating code
     1>h:\tr-robot-football\robot football\robotfootball\motionprediction\motionprediction.cpp(13): warning C4700: uninitialized local variable 'tmp1' used
     1>h:\tr-robot-football\robot football\robotfootball\motionprediction\motionprediction.cpp(14): warning C4700: uninitialized local variable 'row1' used
     1>h:\tr-robot-football\robot football\robotfootball\motionprediction\motionprediction.cpp(18): warning C4700: uninitialized local variable 'row3' used
         Finished generating code
         MotionPrediction.vcxproj -> H:\tr-robot-football\Robot Football\RobotFootball\Release\MotionPrediction.dll
       Manifest:
         c:\Program Files\Microsoft SDKs\Windows\v7.0A\bin\mt.exe /nologo /verbose /outputresource:"H:\tr-robot-football\Robot Football\RobotFootball\Release\MotionPrediction.dll;#2" /manifest Release\MotionPrediction.dll.intermediate.manifest
       FinalizeBuildStatus:
         Deleting file "Release\MotionPrediction.unsuccessfulbuild".
         Touching "Release\MotionPrediction.lastbuildstate".
     1>Done Building Project "H:\tr-robot-football\Robot Football\RobotFootball\MotionPrediction\MotionPrediction.vcxproj" (build target(s)).

Build succeeded.

Time Elapsed 00:00:06.92
