Build started 24/02/2012 15:08:52.
     1>Project "H:\tr-robot-football\Robot Football\RobotFootball\PhysicsStrategy\PhysicsStrategy.vcxproj" on node 3 (build target(s)).
     1>InitializeBuildStatus:
         Creating "Release\PhysicsStrategy.unsuccessfulbuild" because "AlwaysCreate" was specified.
       ClCompile:
         c:\Program Files\Microsoft Visual Studio 10.0\VC\bin\CL.exe /c /Zi /nologo /W3 /WX- /O2 /Oi /Oy- /GL /D STRATEGY_EXPORTS /D WIN32 /D NDEBUG /D _WINDOWS /D _USRDLL /D PHYSICSSTRATEGY_EXPORTS /D _WINDLL /D _UNICODE /D UNICODE /Gm- /EHsc /MD /GS /Gy /fp:precise /Zc:wchar_t /Zc:forScope /Yc"StdAfx.h" /Fp"Release\PhysicsStrategy.pch" /Fo"Release\\" /Fd"Release\vc100.pdb" /Gd /TP /analyze- /errorReport:prompt stdafx.cpp
         stdafx.cpp
         c:\Program Files\Microsoft Visual Studio 10.0\VC\bin\CL.exe /c /Zi /nologo /W3 /WX- /O2 /Oi /Oy- /GL /D STRATEGY_EXPORTS /D WIN32 /D NDEBUG /D _WINDOWS /D _USRDLL /D PHYSICSSTRATEGY_EXPORTS /D _WINDLL /D _UNICODE /D UNICODE /Gm- /EHsc /MD /GS /Gy /fp:precise /Zc:wchar_t /Zc:forScope /Fo"Release\\" /Fd"Release\vc100.pdb" /Gd /TP /analyze- /errorReport:prompt dllmain.cpp
         dllmain.cpp
         c:\Program Files\Microsoft Visual Studio 10.0\VC\bin\CL.exe /c /Zi /nologo /W3 /WX- /O2 /Oi /Oy- /GL /D STRATEGY_EXPORTS /D WIN32 /D NDEBUG /D _WINDOWS /D _USRDLL /D PHYSICSSTRATEGY_EXPORTS /D _WINDLL /D _UNICODE /D UNICODE /Gm- /EHsc /MD /GS /Gy /fp:precise /Zc:wchar_t /Zc:forScope /Yu"StdAfx.h" /Fp"Release\PhysicsStrategy.pch" /Fo"Release\\" /Fd"Release\vc100.pdb" /Gd /TP /analyze- /errorReport:prompt PhysicsStrategy.cpp
         PhysicsStrategy.cpp
     1>PhysicsStrategy.cpp(15): warning C4996: 'localtime': This function or variable may be unsafe. Consider using localtime_s instead. To disable deprecation, use _CRT_SECURE_NO_WARNINGS. See online help for details.
                 c:\Program Files\Microsoft Visual Studio 10.0\VC\include\time.inl(112) : see declaration of 'localtime'
     1>PhysicsStrategy.cpp(16): warning C4996: 'asctime': This function or variable may be unsafe. Consider using asctime_s instead. To disable deprecation, use _CRT_SECURE_NO_WARNINGS. See online help for details.
                 c:\Program Files\Microsoft Visual Studio 10.0\VC\include\time.h(153) : see declaration of 'asctime'
       Link:
         c:\Program Files\Microsoft Visual Studio 10.0\VC\bin\link.exe /ERRORREPORT:PROMPT /OUT:"H:\tr-robot-football\Robot Football\RobotFootball\Release\PhysicsStrategy.dll" /INCREMENTAL:NO /NOLOGO kernel32.lib user32.lib gdi32.lib winspool.lib comdlg32.lib advapi32.lib shell32.lib ole32.lib oleaut32.lib uuid.lib odbc32.lib odbccp32.lib /MANIFEST /ManifestFile:"Release\PhysicsStrategy.dll.intermediate.manifest" /MANIFESTUAC:"level='asInvoker' uiAccess='false'" /DEBUG /PDB:"H:\tr-robot-football\Robot Football\RobotFootball\Release\PhysicsStrategy.pdb" /SUBSYSTEM:WINDOWS /OPT:REF /OPT:ICF /LTCG /TLBID:1 /DYNAMICBASE /NXCOMPAT /IMPLIB:"H:\tr-robot-football\Robot Football\RobotFootball\Release\PhysicsStrategy.lib" /MACHINE:X86 /DLL Release\dllmain.obj
         Release\PhysicsStrategy.obj
         Release\stdafx.obj
            Creating library H:\tr-robot-football\Robot Football\RobotFootball\Release\PhysicsStrategy.lib and object H:\tr-robot-football\Robot Football\RobotFootball\Release\PhysicsStrategy.exp
         Generating code
         Finished generating code
         PhysicsStrategy.vcxproj -> H:\tr-robot-football\Robot Football\RobotFootball\Release\PhysicsStrategy.dll
       Manifest:
         c:\Program Files\Microsoft SDKs\Windows\v7.0A\bin\mt.exe /nologo /verbose /outputresource:"H:\tr-robot-football\Robot Football\RobotFootball\Release\PhysicsStrategy.dll;#2" /manifest Release\PhysicsStrategy.dll.intermediate.manifest
       FinalizeBuildStatus:
         Deleting file "Release\PhysicsStrategy.unsuccessfulbuild".
         Touching "Release\PhysicsStrategy.lastbuildstate".
     1>Done Building Project "H:\tr-robot-football\Robot Football\RobotFootball\PhysicsStrategy\PhysicsStrategy.vcxproj" (build target(s)).

Build succeeded.

Time Elapsed 00:00:08.79
