Build started 05/03/2012 14:14:00.
     1>Project "H:\tr-robot-football\Robot Football\RobotFootball\InterceptStrategy\InterceptStrategy.vcxproj" on node 2 (build target(s)).
     1>InitializeBuildStatus:
         Touching "Debug\InterceptStrategy.unsuccessfulbuild".
       ClCompile:
         All outputs are up-to-date.
         c:\Program Files\Microsoft Visual Studio 10.0\VC\bin\CL.exe /c /ZI /nologo /W3 /WX- /Od /Oy- /D STRATEGY_EXPORTS /D WIN32 /D _DEBUG /D _WINDOWS /D _USRDLL /D INTERCEPTSTRATEGY_EXPORTS /D _WINDLL /D _UNICODE /D UNICODE /Gm /EHsc /RTC1 /MDd /GS /fp:precise /Zc:wchar_t /Zc:forScope /Yu"StdAfx.h" /Fp"Debug\InterceptStrategy.pch" /Fo"Debug\\" /Fd"Debug\vc100.pdb" /Gd /TP /analyze- /errorReport:prompt ..\SquareStrategy\MotionController.cpp ..\SquareStrategy\PathController.cpp InterceptStrategy.cpp
         InterceptStrategy.cpp
         PathController.cpp
         MotionController.cpp
         Generating Code...
         c:\Program Files\Microsoft Visual Studio 10.0\VC\bin\CL.exe /c /ZI /nologo /W3 /WX- /Od /Oy- /D STRATEGY_EXPORTS /D WIN32 /D _DEBUG /D _WINDOWS /D _USRDLL /D INTERCEPTSTRATEGY_EXPORTS /D _WINDLL /D _UNICODE /D UNICODE /Gm /EHsc /RTC1 /MDd /GS /fp:precise /Zc:wchar_t /Zc:forScope /Fo"Debug\\" /Fd"Debug\vc100.pdb" /Gd /TP /analyze- /errorReport:prompt dllmain.cpp
         dllmain.cpp
       ManifestResourceCompile:
         c:\Program Files\Microsoft SDKs\Windows\v7.0A\bin\rc.exe /nologo /fo"Debug\InterceptStrategy.dll.embed.manifest.res" Debug\InterceptStrategy_manifest.rc 
       Link:
         c:\Program Files\Microsoft Visual Studio 10.0\VC\bin\link.exe /ERRORREPORT:PROMPT /OUT:"H:\tr-robot-football\Robot Football\RobotFootball\Debug\InterceptStrategy.dll" /INCREMENTAL /NOLOGO kernel32.lib user32.lib gdi32.lib winspool.lib comdlg32.lib advapi32.lib shell32.lib ole32.lib oleaut32.lib uuid.lib odbc32.lib odbccp32.lib /MANIFEST /ManifestFile:"Debug\InterceptStrategy.dll.intermediate.manifest" /MANIFESTUAC:"level='asInvoker' uiAccess='false'" /DEBUG /PDB:"H:\tr-robot-football\Robot Football\RobotFootball\Debug\InterceptStrategy.pdb" /SUBSYSTEM:WINDOWS /TLBID:1 /DYNAMICBASE /NXCOMPAT /IMPLIB:"H:\tr-robot-football\Robot Football\RobotFootball\Debug\InterceptStrategy.lib" /MACHINE:X86 /DLL Debug\InterceptStrategy.dll.embed.manifest.res
         Debug\MotionController.obj
         Debug\PathController.obj
         Debug\dllmain.obj
         Debug\InterceptStrategy.obj
         Debug\stdafx.obj
            Creating library H:\tr-robot-football\Robot Football\RobotFootball\Debug\InterceptStrategy.lib and object H:\tr-robot-football\Robot Football\RobotFootball\Debug\InterceptStrategy.exp
       Manifest:
         c:\Program Files\Microsoft SDKs\Windows\v7.0A\bin\mt.exe /nologo /verbose /out:"Debug\InterceptStrategy.dll.embed.manifest" /manifest Debug\InterceptStrategy.dll.intermediate.manifest
         c:\Program Files\Microsoft SDKs\Windows\v7.0A\bin\rc.exe /nologo /fo"Debug\InterceptStrategy.dll.embed.manifest.res" Debug\InterceptStrategy_manifest.rc 
       LinkEmbedManifest:
         c:\Program Files\Microsoft Visual Studio 10.0\VC\bin\link.exe /ERRORREPORT:PROMPT /OUT:"H:\tr-robot-football\Robot Football\RobotFootball\Debug\InterceptStrategy.dll" /INCREMENTAL /NOLOGO kernel32.lib user32.lib gdi32.lib winspool.lib comdlg32.lib advapi32.lib shell32.lib ole32.lib oleaut32.lib uuid.lib odbc32.lib odbccp32.lib /MANIFEST /ManifestFile:"Debug\InterceptStrategy.dll.intermediate.manifest" /MANIFESTUAC:"level='asInvoker' uiAccess='false'" /DEBUG /PDB:"H:\tr-robot-football\Robot Football\RobotFootball\Debug\InterceptStrategy.pdb" /SUBSYSTEM:WINDOWS /TLBID:1 /DYNAMICBASE /NXCOMPAT /IMPLIB:"H:\tr-robot-football\Robot Football\RobotFootball\Debug\InterceptStrategy.lib" /MACHINE:X86 /DLL Debug\InterceptStrategy.dll.embed.manifest.res
         Debug\MotionController.obj
         Debug\PathController.obj
         Debug\dllmain.obj
         Debug\InterceptStrategy.obj
         Debug\stdafx.obj
            Creating library H:\tr-robot-football\Robot Football\RobotFootball\Debug\InterceptStrategy.lib and object H:\tr-robot-football\Robot Football\RobotFootball\Debug\InterceptStrategy.exp
         InterceptStrategy.vcxproj -> H:\tr-robot-football\Robot Football\RobotFootball\Debug\InterceptStrategy.dll
       PostBuildEvent:
         "H:\tr-robot-football\Robot Football\RobotFootball\DeployStrategy"
         :VCEnd
         ..\Debug\PhysicsStrategy.dll
         ..\Debug\HoldStillStrategy.dll
         ..\Debug\SquareStrategy.dll
         ..\Debug\InterceptStrategy.dll
                 4 file(s) copied.
         ..\Debug\PhysicsStrategy.dll
         ..\Debug\HoldStillStrategy.dll
         ..\Debug\SquareStrategy.dll
         ..\Debug\InterceptStrategy.dll
                 4 file(s) copied.
         ..\Debug\PhysicsStrategy.pdb
         ..\Debug\HoldStillStrategy.pdb
         ..\Debug\SquareStrategy.pdb
         ..\Debug\InterceptStrategy.pdb
                 4 file(s) copied.
         ..\Debug\PhysicsStrategy.pdb
         ..\Debug\HoldStillStrategy.pdb
         ..\Debug\SquareStrategy.pdb
         ..\Debug\InterceptStrategy.pdb
                 4 file(s) copied.
       FinalizeBuildStatus:
         Deleting file "Debug\InterceptStrategy.unsuccessfulbuild".
         Touching "Debug\InterceptStrategy.lastbuildstate".
     1>Done Building Project "H:\tr-robot-football\Robot Football\RobotFootball\InterceptStrategy\InterceptStrategy.vcxproj" (build target(s)).

Build succeeded.

Time Elapsed 00:00:14.35
