Build started 24/02/2012 14:28:20.
     1>Project "H:\tr-robot-football\Robot Football\RobotFootball\HoldStillStrategy\HoldStillStrategy.vcxproj" on node 3 (build target(s)).
     1>InitializeBuildStatus:
         Creating "Debug\HoldStillStrategy.unsuccessfulbuild" because "AlwaysCreate" was specified.
       ClCompile:
         All outputs are up-to-date.
         All outputs are up-to-date.
         All outputs are up-to-date.
       ManifestResourceCompile:
         All outputs are up-to-date.
       Link:
         c:\Program Files\Microsoft Visual Studio 10.0\VC\bin\link.exe /ERRORREPORT:PROMPT /OUT:"H:\tr-robot-football\Robot Football\RobotFootball\Debug\HoldStillStrategy.dll" /INCREMENTAL /NOLOGO kernel32.lib user32.lib gdi32.lib winspool.lib comdlg32.lib advapi32.lib shell32.lib ole32.lib oleaut32.lib uuid.lib odbc32.lib odbccp32.lib /MANIFEST /ManifestFile:"Debug\HoldStillStrategy.dll.intermediate.manifest" /MANIFESTUAC:"level='asInvoker' uiAccess='false'" /DEBUG /PDB:"H:\tr-robot-football\Robot Football\RobotFootball\Debug\HoldStillStrategy.pdb" /SUBSYSTEM:WINDOWS /TLBID:1 /DYNAMICBASE /NXCOMPAT /IMPLIB:"H:\tr-robot-football\Robot Football\RobotFootball\Debug\HoldStillStrategy.lib" /MACHINE:X86 /DLL Debug\HoldStillStrategy.dll.embed.manifest.res
         Debug\dllmain.obj
         Debug\HoldStillStrategy.obj
         Debug\stdafx.obj
            Creating library H:\tr-robot-football\Robot Football\RobotFootball\Debug\HoldStillStrategy.lib and object H:\tr-robot-football\Robot Football\RobotFootball\Debug\HoldStillStrategy.exp
       Manifest:
         c:\Program Files\Microsoft SDKs\Windows\v7.0A\bin\mt.exe /nologo /verbose /out:"Debug\HoldStillStrategy.dll.embed.manifest" /manifest Debug\HoldStillStrategy.dll.intermediate.manifest
         All outputs are up-to-date.
       LinkEmbedManifest:
         All outputs are up-to-date.
         HoldStillStrategy.vcxproj -> H:\tr-robot-football\Robot Football\RobotFootball\Debug\HoldStillStrategy.dll
       FinalizeBuildStatus:
         Deleting file "Debug\HoldStillStrategy.unsuccessfulbuild".
         Touching "Debug\HoldStillStrategy.lastbuildstate".
     1>Done Building Project "H:\tr-robot-football\Robot Football\RobotFootball\HoldStillStrategy\HoldStillStrategy.vcxproj" (build target(s)).

Build succeeded.

Time Elapsed 00:00:02.77
